Fri Sep 27 22:51:14 2024
: Received GET request.
Fri Sep 27 22:51:14 2024
: Hello World request received.
Fri Sep 27 22:51:16 2024
: Received POST request.
Fri Sep 27 22:51:16 2024
: Received filename: datafile.dat
Fri Sep 27 22:51:16 2024
: Record inserted: 20
Fri Sep 27 22:51:19 2024
: Received GET request.
Fri Sep 27 22:51:19 2024
: Received filename: data.dat
Fri Sep 27 22:51:27 2024
: Received POST request.
Fri Sep 27 22:51:27 2024
: Received filename: datafile.dat
Fri Sep 27 22:51:27 2024
: Record inserted: 50
Fri Sep 27 22:51:29 2024
: Received GET request.
Fri Sep 27 22:51:29 2024
: Received filename: data.dat
Fri Sep 27 22:51:35 2024
: Received POST request.
Fri Sep 27 22:51:35 2024
: Received filename: datafile.dat
Fri Sep 27 22:51:35 2024
: Record inserted: 12
Fri Sep 27 22:51:38 2024
: Received GET request.
Fri Sep 27 22:51:38 2024
: Received filename: data.dat
Fri Sep 27 22:51:48 2024
: Received POST request.
Fri Sep 27 22:51:48 2024
: Received filename: datafile.dat
Fri Sep 27 22:51:48 2024
: Record inserted: 22
Fri Sep 27 22:51:50 2024
: Received GET request.
Fri Sep 27 22:51:50 2024
: Received filename: data.dat
Fri Sep 27 22:51:57 2024
: Received DELETE request.
Fri Sep 27 22:51:57 2024
: Received filename: data.dat
Fri Sep 27 22:51:57 2024
: Record deleted with key: 22
Fri Sep 27 22:52:00 2024
: Received GET request.
Fri Sep 27 22:52:00 2024
: Received filename: data.dat
Fri Sep 27 22:52:06 2024
: Received GET request.
Fri Sep 27 22:52:06 2024
: Received filename: data.dat
Fri Sep 27 22:52:06 2024
: Record found with key: 12
Fri Sep 27 22:52:12 2024
: Received GET request.
Fri Sep 27 22:52:12 2024
: Received filename: data.dat
Fri Sep 27 22:52:12 2024
: Records found between 10 and 30
